2018 Jul 07 14:36:39  Result: 9
2018 Jul 07 14:36:39  From address not in member domain. Message not sent.
2018 Jul 14 13:29:05  Result: 9
2018 Jul 14 13:29:05  From address not in member domain. Message not sent.
2018 Jul 14 16:01:50  Result: 9
2018 Jul 14 16:01:50  From address not in member domain. Message not sent.
2018 Jul 21 13:14:54  Result: 9
2018 Jul 21 13:14:54  From address not in member domain. Message not sent.
2018 Jul 21 13:47:31  Result: 9
2018 Jul 21 13:47:31  From address not in member domain. Message not sent.
2018 Jul 21 14:23:59  Result: 9
2018 Jul 21 14:23:59  From address not in member domain. Message not sent.
2018 Aug 04 12:59:03  Result: 9
2018 Aug 04 12:59:03  From address not in member domain. Message not sent.
2018 Aug 05 14:49:26  Result: 9
2018 Aug 05 14:49:26  From address not in member domain. Message not sent.
2018 Aug 05 14:57:51  Result: 9
2018 Aug 05 14:57:51  From address not in member domain. Message not sent.
2018 Aug 05 15:21:58  Result: 9
2018 Aug 05 15:21:58  From address not in member domain. Message not sent.
2018 Aug 11 15:28:46  Result: 9
2018 Aug 11 15:28:46  From address not in member domain. Message not sent.
2018 Nov 02 19:11:18  Result: 9
2018 Nov 02 19:11:18  From address not in member domain. Message not sent.
2018 Nov 03 16:56:09  Result: 9
2018 Nov 03 16:56:09  From address not in member domain. Message not sent.
2018 Nov 03 18:51:59  Result: 9
2018 Nov 03 18:51:59  From address not in member domain. Message not sent.
2019 Jun 01 14:16:06  Result: 9
2019 Jun 01 14:16:06  From address not in member domain. Message not sent.
2019 Jun 15 18:51:21  Result: 9
2019 Jun 15 18:51:21  From address not in member domain. Message not sent.
2019 Jul 20 14:42:02  Result: 9
2019 Jul 20 14:42:02  From address not in member domain. Message not sent.
2019 Jul 20 14:43:38  Result: 9
2019 Jul 20 14:43:38  From address not in member domain. Message not sent.
2019 Aug 03 14:51:28  Result: 9
2019 Aug 03 14:51:28  From address not in member domain. Message not sent.
2020 Jul 08 19:38:59  Result: 9
2020 Jul 08 19:38:59  From address not in member domain. Message not sent.
